"../../../../../../Users/peterpanpoo/Documents/Unreal Projects/ProjectRH/Content/Abilities/BP_NormalSkill.uasset" 0
"../../../../../../Users/peterpanpoo/Documents/Unreal Projects/ProjectRH/Content/Abilities/BP_UltimateSkill.uasset" 1
"../../../../../../Users/peterpanpoo/Documents/Unreal Projects/ProjectRH/Content/Abilities/Shared/GE_ResetSpeed.uasset" 2
"../../../Engine/Content/EngineMeshes/Humanoid.uasset" 3
"../../../../../../Users/peterpanpoo/Documents/Unreal Projects/ProjectRH/Content/Game_Character/Character/Mesh/UE4_Mannequin_Skeleton.uasset" 4
"../../../../../../Users/peterpanpoo/Documents/Unreal Projects/ProjectRH/Content/Game_Character/Animations/TP_AnimationClips/Movement_Skill/Female_Locomotion_Pose.uasset" 5
"../../../../../../Users/peterpanpoo/Documents/Unreal Projects/ProjectRH/Content/Game_Character/Animations/Montage/AM_Dash.uasset" 6
"../../../Engine/Content/EditorBlueprintResources/StandardMacros.uasset" 7
"../../../../../../Users/peterpanpoo/Documents/Unreal Projects/ProjectRH/Content/Abilities/Shared/GA_SkillBase.uasset" 8
"../../../../../../Users/peterpanpoo/Documents/Unreal Projects/ProjectRH/Content/Effect/Textures/T_Smoke_SubUV.uasset" 9
"../../../../../../Users/peterpanpoo/Documents/Unreal Projects/ProjectRH/Content/Effect/Textures/T_Smoke_Tiled_D.uasset" 10
"../../../../../../Users/peterpanpoo/Documents/Unreal Projects/ProjectRH/Content/Effect/Materials/M_smoke_subUV.uasset" 11
"../../../../../../Users/peterpanpoo/Documents/Unreal Projects/ProjectRH/Content/Effect/ParticleSystems/P_Slide_Effect.uasset" 12
"../../../../../../Users/peterpanpoo/Documents/Unreal Projects/ProjectRH/Content/Game_Character/Animations/TP_AnimationClips/Movement_Basic/Female_Action_Pose.uasset" 13
"../../../../../../Users/peterpanpoo/Documents/Unreal Projects/ProjectRH/Content/Game_Character/Animations/TP_AnimationClips/Movement_Basic/FlyingIdle.uasset" 14
"../../../../../../Users/peterpanpoo/Documents/Unreal Projects/ProjectRH/Content/Game_Character/Animations/TP_AnimationClips/Movement_Basic/Ninja_Run_UpperBody_Anim.uasset" 15
"../../../../../../Users/peterpanpoo/Documents/Unreal Projects/ProjectRH/Content/Game_Character/Animations/TP_AnimationClips/Movement_Basic/ThirdPerson_Jump.uasset" 16
"../../../../../../Users/peterpanpoo/Documents/Unreal Projects/ProjectRH/Content/Game_Character/Animations/TP_AnimationClips/Movement_Basic/ThirdPersonJump_Loop.uasset" 17
"../../../../../../Users/peterpanpoo/Documents/Unreal Projects/ProjectRH/Content/Game_Character/Animations/TP_AnimationClips/Movement_Basic/ThirdPersonJump_Start.uasset" 18
"../../../../../../Users/peterpanpoo/Documents/Unreal Projects/ProjectRH/Content/Game_Character/Animations/TP_AnimationClips/Movement_Basic/FlyingDown.uasset" 19
"../../../../../../Users/peterpanpoo/Documents/Unreal Projects/ProjectRH/Content/Game_Character/Animations/TP_AnimationClips/Movement_Basic/FlyingLeft.uasset" 20
"../../../../../../Users/peterpanpoo/Documents/Unreal Projects/ProjectRH/Content/Game_Character/Animations/TP_AnimationClips/Movement_Basic/FlyingRight.uasset" 21
"../../../../../../Users/peterpanpoo/Documents/Unreal Projects/ProjectRH/Content/Game_Character/Animations/TP_AnimationClips/Movement_Basic/FlyingUp.uasset" 22
"../../../../../../Users/peterpanpoo/Documents/Unreal Projects/ProjectRH/Content/Game_Character/Animations/BlendSpaces/Flying_2D.uasset" 23
"../../../../../../Users/peterpanpoo/Documents/Unreal Projects/ProjectRH/Content/Game_Character/Animations/TP_AnimationClips/Movement_Basic/ThirdPersonIdle.uasset" 24
"../../../../../../Users/peterpanpoo/Documents/Unreal Projects/ProjectRH/Content/Game_Character/Animations/TP_AnimationClips/Movement_Basic/ThirdPersonRun.uasset" 25
"../../../../../../Users/peterpanpoo/Documents/Unreal Projects/ProjectRH/Content/Game_Character/Animations/TP_AnimationClips/Movement_Basic/ThirdPersonWalk.uasset" 26
"../../../../../../Users/peterpanpoo/Documents/Unreal Projects/ProjectRH/Content/Game_Character/Animations/BlendSpaces/ThirdPerson_IdleRun_2D.uasset" 27
"../../../../../../Users/peterpanpoo/Documents/Unreal Projects/ProjectRH/Content/Game_Character/Animations/ABP_TP.uasset" 28
"../../../../../../Users/peterpanpoo/Documents/Unreal Projects/ProjectRH/Content/Game_Character/Animations/TP_AnimationClips/Attack/Sword_And_Shield_Power_Up.uasset" 29
"../../../../../../Users/peterpanpoo/Documents/Unreal Projects/ProjectRH/Content/Abilities/AnimNotifies/AN_SphereTraceAttack.uasset" 30
"../../../../../../Users/peterpanpoo/Documents/Unreal Projects/ProjectRH/Content/Effect/Textures/T_Burst_M.uasset" 31
"../../../../../../Users/peterpanpoo/Documents/Unreal Projects/ProjectRH/Content/Effect/Materials/M_Burst.uasset" 32
"../../../../../../Users/peterpanpoo/Documents/Unreal Projects/ProjectRH/Content/Effect/Materials/m_flare_01.uasset" 33
"../../../../../../Users/peterpanpoo/Documents/Unreal Projects/ProjectRH/Content/Effect/ParticleSystems/P_ShockWave.uasset" 34
"../../../../../../Users/peterpanpoo/Documents/Unreal Projects/ProjectRH/Content/Game_Character/Animations/Montage/AM_ShockWave_Attack.uasset" 35
"../../../Engine/Content/EditorBlueprintResources/ActorMacros.uasset" 36
"../../../../../../Users/peterpanpoo/Documents/Unreal Projects/ProjectRH/Content/Abilities/BP_PassiveSkill.uasset" 37
"../../../../../../Users/peterpanpoo/Documents/Unreal Projects/ProjectRH/Content/Game_Character/Animations/TP_AnimationClips/Attack/Magic_Heal_Anim.uasset" 38
"../../../../../../Users/peterpanpoo/Documents/Unreal Projects/ProjectRH/Content/Game_Character/Animations/Montage/AM_Magic_Heal.uasset" 39
"../../../../../../Users/peterpanpoo/Documents/Unreal Projects/ProjectRH/Content/Abilities/Shared/BP_AbilityProjectileBase.uasset" 40
"../../../../../../Users/peterpanpoo/Documents/Unreal Projects/ProjectRH/Content/Abilities/Shared/GE_DamageBase.uasset" 41
"../../../../../../Users/peterpanpoo/Documents/Unreal Projects/ProjectRH/Content/Abilities/Shared/GA_SpawnProjectileBase.uasset" 42
"../../../../../../Users/peterpanpoo/Documents/Unreal Projects/ProjectRH/Content/Effect/Textures/T_Fire_SubUV.uasset" 43
"../../../../../../Users/peterpanpoo/Documents/Unreal Projects/ProjectRH/Content/Effect/Textures/T_Fire_Tiled_D.uasset" 44
"../../../../../../Users/peterpanpoo/Documents/Unreal Projects/ProjectRH/Content/Effect/Materials/M_Fire_SubUV.uasset" 45
"../../../../../../Users/peterpanpoo/Documents/Unreal Projects/ProjectRH/Content/Effect/Textures/T_Water_N.uasset" 46
"../../../../../../Users/peterpanpoo/Documents/Unreal Projects/ProjectRH/Content/Effect/Materials/M_Heat_Distortion.uasset" 47
"../../../Engine/Content/Functions/Engine_MaterialFunctions01/Gradient/RadialGradient.uasset" 48
"../../../../../../Users/peterpanpoo/Documents/Unreal Projects/ProjectRH/Content/Effect/Materials/M_Radial_Gradient.uasset" 49
"../../../../../../Users/peterpanpoo/Documents/Unreal Projects/ProjectRH/Content/Effect/ParticleSystems/P_Fire.uasset" 50
"../../../../../../Users/peterpanpoo/Documents/Unreal Projects/ProjectRH/Content/Abilities/Skills/BP_IceProjectile.uasset" 51
"../../../../../../Users/peterpanpoo/Documents/Unreal Projects/ProjectRH/Content/Abilities/Skills/GE_IceBlast.uasset" 52
"../../../../../../Users/peterpanpoo/Documents/Unreal Projects/ProjectRH/Content/Abilities/Skills/GA_IceBlast.uasset" 53
"../../../../../../Users/peterpanpoo/Documents/Unreal Projects/ProjectRH/Content/Abilities/Skills/GA_ShockWave.uasset" 54
"../../../../../../Users/peterpanpoo/Documents/Unreal Projects/ProjectRH/Content/Game_Character/Behaviour/Struct_Stats.uasset" 55
"../../../../../../Users/peterpanpoo/Documents/Unreal Projects/ProjectRH/Content/UI/WBP_PLayerFinishIcon.uasset" 56
"../../../Engine/Content/Functions/Engine_MaterialFunctions02/Utility/BlendAngleCorrectedNormals.uasset" 57
"../../../Engine/Content/Functions/MaterialLayerFunctions/MatLayerBlend_NormalBlend.uasset" 58
"../../../Engine/Content/Functions/MaterialLayerFunctions/MatLayerBlend_Simple.uasset" 59
"../../../../../../Users/peterpanpoo/Documents/Unreal Projects/ProjectRH/Content/Game_Character/Character/Materials/MaterialLayers/T_ML_Rubber_Blue_01_D.uasset" 60
"../../../../../../Users/peterpanpoo/Documents/Unreal Projects/ProjectRH/Content/Game_Character/Character/Materials/MaterialLayers/T_ML_Rubber_Blue_01_N.uasset" 61
"../../../../../../Users/peterpanpoo/Documents/Unreal Projects/ProjectRH/Content/Game_Character/Character/Materials/MaterialLayers/ML_GlossyBlack_Latex_UE4.uasset" 62
"../../../../../../Users/peterpanpoo/Documents/Unreal Projects/ProjectRH/Content/Game_Character/Character/Materials/MaterialLayers/ML_Plastic_Shiny_Beige.uasset" 63
"../../../../../../Users/peterpanpoo/Documents/Unreal Projects/ProjectRH/Content/Game_Character/Character/Textures/UE4_LOGO_CARD.uasset" 64
"../../../../../../Users/peterpanpoo/Documents/Unreal Projects/ProjectRH/Content/Game_Character/Character/Materials/MaterialLayers/ML_Plastic_Shiny_Beige_LOGO.uasset" 65
"../../../../../../Users/peterpanpoo/Documents/Unreal Projects/ProjectRH/Content/Game_Character/Character/Materials/MaterialLayers/T_ML_Aluminum01.uasset" 66
"../../../../../../Users/peterpanpoo/Documents/Unreal Projects/ProjectRH/Content/Game_Character/Character/Materials/MaterialLayers/T_ML_Aluminum01_N.uasset" 67
"../../../../../../Users/peterpanpoo/Documents/Unreal Projects/ProjectRH/Content/Game_Character/Character/Materials/MaterialLayers/ML_SoftMetal_UE4.uasset" 68
"../../../../../../Users/peterpanpoo/Documents/Unreal Projects/ProjectRH/Content/Game_Character/Character/Textures/UE4_Mannequin__normals.uasset" 69
"../../../../../../Users/peterpanpoo/Documents/Unreal Projects/ProjectRH/Content/Game_Character/Character/Textures/UE4_Mannequin_MAT_MASKA.uasset" 70
"../../../../../../Users/peterpanpoo/Documents/Unreal Projects/ProjectRH/Content/Game_Character/Character/Materials/M_UE4Man_Body.uasset" 71
"../../../../../../Users/peterpanpoo/Documents/Unreal Projects/ProjectRH/Content/Game_Character/Character/Textures/UE4Man_Logo_N.uasset" 72
"../../../../../../Users/peterpanpoo/Documents/Unreal Projects/ProjectRH/Content/Game_Character/Character/Materials/M_UE4Man_ChestLogo.uasset" 73
"../../../../../../Users/peterpanpoo/Documents/Unreal Projects/ProjectRH/Content/Game_Character/Character/Mesh/SK_Mannequin_PhysicsAsset.uasset" 74
"../../../../../../Users/peterpanpoo/Documents/Unreal Projects/ProjectRH/Content/Game_Character/Character/Mesh/SK_Mannequin.uasset" 75
"../../../../../../Users/peterpanpoo/Documents/Unreal Projects/ProjectRH/Content/Game_Character/Behaviour/BP_Character.uasset" 76
"../../../../../../Users/peterpanpoo/Documents/Unreal Projects/ProjectRH/Content/Abilities/Skills/GA_Dash.uasset" 77
"../../../../../../Users/peterpanpoo/Documents/Unreal Projects/ProjectRH/Content/Abilities/Skills/GE_Shockwave.uasset" 78
"../../../../../../Users/peterpanpoo/Documents/Unreal Projects/ProjectRH/Content/Abilities/Shared/TargetType_SphereTrace.uasset" 79
"../../../../../../Users/peterpanpoo/Documents/Unreal Projects/ProjectRH/Content/Abilities/Skills/TargetType_ShockWave.uasset" 80
"../../../../../../Users/peterpanpoo/Documents/Unreal Projects/ProjectRH/Content/Effect/Textures/T_Dust_Particle_D.uasset" 81
"../../../../../../Users/peterpanpoo/Documents/Unreal Projects/ProjectRH/Content/Effect/Materials/M_Dust_Particle.uasset" 82
"../../../../../../Users/peterpanpoo/Documents/Unreal Projects/ProjectRH/Content/Effect/ParticleSystems/P_Ambient_Dust.uasset" 83
"../../../../../../Users/peterpanpoo/Documents/Unreal Projects/ProjectRH/Content/Effect/ParticleSystems/P_Smoke.uasset" 84
"../../../../../../Users/peterpanpoo/Documents/Unreal Projects/ProjectRH/Content/Effect/ParticleSystems/P_Steam_Lit.uasset" 85
"../../../../../../Users/peterpanpoo/Documents/Unreal Projects/ProjectRH/Content/Game_Character/Animations/Mixamo/YBot/Meshes/YBot_Skeleton.uasset" 86
"../../../../../../Users/peterpanpoo/Documents/Unreal Projects/ProjectRH/Content/Game_Character/Animations/Mixamo/YBot/Animations/Defeated.uasset" 87
"../../../../../../Users/peterpanpoo/Documents/Unreal Projects/ProjectRH/Content/Game_Character/Animations/Mixamo/YBot/Animations/Female_Action_Pose.uasset" 88
"../../../../../../Users/peterpanpoo/Documents/Unreal Projects/ProjectRH/Content/Game_Character/Animations/Mixamo/YBot/Animations/Female_Locomotion_Pose.uasset" 89
"../../../../../../Users/peterpanpoo/Documents/Unreal Projects/ProjectRH/Content/Game_Character/Animations/Mixamo/YBot/Animations/Flying.uasset" 90
"../../../../../../Users/peterpanpoo/Documents/Unreal Projects/ProjectRH/Content/Game_Character/Animations/Mixamo/YBot/Animations/Magic_Heal_Anim_mixamo_com.uasset" 91
"../../../../../../Users/peterpanpoo/Documents/Unreal Projects/ProjectRH/Content/Game_Character/Animations/Mixamo/YBot/Animations/Sword_And_Shield_Power_Up.uasset" 92
"../../../../../../Users/peterpanpoo/Documents/Unreal Projects/ProjectRH/Content/Game_Character/Animations/Mixamo/YBot/Meshes/YBot_PhysicsAsset.uasset" 93
"../../../../../../Users/peterpanpoo/Documents/Unreal Projects/ProjectRH/Content/Game_Character/Animations/Mixamo/YBot/Meshes/SM_YBot.uasset" 94
"../../../../../../Users/peterpanpoo/Documents/Unreal Projects/ProjectRH/Content/Game_Character/Animations/Montage/AM_Ninja_Run.uasset" 95
"../../../../../../Users/peterpanpoo/Documents/Unreal Projects/ProjectRH/Content/Game_Character/Animations/TP_AnimationClips/CrowdControl/Defeated.uasset" 96
"../../../../../../Users/peterpanpoo/Documents/Unreal Projects/ProjectRH/Content/Game_Character/Animations/TP_AnimationClips/Movement_Basic/ThirdPersonJump_End.uasset" 97
"../../../../../../Users/peterpanpoo/Documents/Unreal Projects/ProjectRH/Content/Game_Character/Behaviour/DataTable_Characters_Stats.uasset" 98
"../../../../../../Users/peterpanpoo/Documents/Unreal Projects/ProjectRH/Content/Game_Character/Character/Materials/MI_Speedster_Body.uasset" 99
"../../../../../../Users/peterpanpoo/Documents/Unreal Projects/ProjectRH/Content/Game_Character/Character/Materials/MI_Speedster_ChestLogo1.uasset" 100
"../../../../../../Users/peterpanpoo/Documents/Unreal Projects/ProjectRH/Content/Game_Character/Behaviour/BP_Speedster.uasset" 101
"../../../../../../Users/peterpanpoo/Documents/Unreal Projects/ProjectRH/Content/Game_Character/Character/Materials/MI_Tank_Body1.uasset" 102
"../../../../../../Users/peterpanpoo/Documents/Unreal Projects/ProjectRH/Content/Game_Character/Character/Materials/MI_Tank_ChestLogo.uasset" 103
"../../../../../../Users/peterpanpoo/Documents/Unreal Projects/ProjectRH/Content/Game_Character/Behaviour/BP_Tank.uasset" 104
"../../../../../../Users/peterpanpoo/Documents/Unreal Projects/ProjectRH/Content/Geometry/Meshes/CubeMaterial.uasset" 105
"../../../../../../Users/peterpanpoo/Documents/Unreal Projects/ProjectRH/Content/Geometry/Meshes/1M_Cube.uasset" 106
"../../../../../../Users/peterpanpoo/Documents/Unreal Projects/ProjectRH/Content/Geometry/Meshes/1M_Cube_Chamfer.uasset" 107
"../../../../../../Users/peterpanpoo/Documents/Unreal Projects/ProjectRH/Content/Geometry/Meshes/RampMaterial.uasset" 108
"../../../../../../Users/peterpanpoo/Documents/Unreal Projects/ProjectRH/Content/Geometry/Meshes/Bump_StaticMesh.uasset" 109
"../../../../../../Users/peterpanpoo/Documents/Unreal Projects/ProjectRH/Content/Geometry/Meshes/LeftArm_StaticMesh.uasset" 110
"../../../../../../Users/peterpanpoo/Documents/Unreal Projects/ProjectRH/Content/Geometry/Meshes/Linear_Stair_StaticMesh.uasset" 111
"../../../../../../Users/peterpanpoo/Documents/Unreal Projects/ProjectRH/Content/Geometry/Meshes/Ramp_StaticMesh.uasset" 112
"../../../../../../Users/peterpanpoo/Documents/Unreal Projects/ProjectRH/Content/Geometry/Meshes/RightArm_StaticMesh.uasset" 113
"../../../../../../Users/peterpanpoo/Documents/Unreal Projects/ProjectRH/Content/Geometry/Meshes/TemplateFloor.uasset" 114
"../../../../../../Users/peterpanpoo/Documents/Unreal Projects/ProjectRH/Content/Pickup/Sounds/Pickup_ammo.uasset" 115
"../../../../../../Users/peterpanpoo/Documents/Unreal Projects/ProjectRH/Content/Pickup/Sounds/Pickup_powerup.uasset" 116
"../../../../../../Users/peterpanpoo/Documents/Unreal Projects/ProjectRH/Content/Pickup/Sounds/Pickup_weapon.uasset" 117
"../../../../../../Users/peterpanpoo/Documents/Unreal Projects/ProjectRH/Content/Pickup/Sounds/powerdown_01.uasset" 118
"../../../../../../Users/peterpanpoo/Documents/Unreal Projects/ProjectRH/Content/Pickup/Sounds/powerdown_02.uasset" 119
"../../../../../../Users/peterpanpoo/Documents/Unreal Projects/ProjectRH/Content/Pickup/Sounds/powerup_loop_01.uasset" 120
"../../../../../../Users/peterpanpoo/Documents/Unreal Projects/ProjectRH/Content/Pickup/Sounds/powerup_loop_02.uasset" 121
"../../../../../../Users/peterpanpoo/Documents/Unreal Projects/ProjectRH/Content/Pickup/Sounds/respawn_01.uasset" 122
"../../../../../../Users/peterpanpoo/Documents/Unreal Projects/ProjectRH/Content/Pickup/Texture/T_CircleMask.uasset" 123
"../../../../../../Users/peterpanpoo/Documents/Unreal Projects/ProjectRH/Content/Pickup/Texture/T_CircleMask2.uasset" 124
"../../../../../../Users/peterpanpoo/Documents/Unreal Projects/ProjectRH/Content/StarterContent/Materials/M_Basic_Wall.uasset" 125
"../../../../../../Users/peterpanpoo/Documents/Unreal Projects/ProjectRH/Content/StarterContent/Architecture/Pillar_50x500.uasset" 126
"../../../../../../Users/peterpanpoo/Documents/Unreal Projects/ProjectRH/Content/StarterContent/Architecture/Wall_400x300.uasset" 127
"../../../../../../Users/peterpanpoo/Documents/Unreal Projects/ProjectRH/Content/StarterContent/Architecture/Wall_400x400.uasset" 128
"../../../../../../Users/peterpanpoo/Documents/Unreal Projects/ProjectRH/Content/StarterContent/Architecture/Wall_500x500.uasset" 129
"../../../../../../Users/peterpanpoo/Documents/Unreal Projects/ProjectRH/Content/StarterContent/Architecture/Wall_Door_400x400.uasset" 130
"../../../../../../Users/peterpanpoo/Documents/Unreal Projects/ProjectRH/Content/StarterContent/Architecture/Wall_Window_400x400.uasset" 131
"../../../../../../Users/peterpanpoo/Documents/Unreal Projects/ProjectRH/Content/StarterContent/Audio/Collapse01.uasset" 132
"../../../../../../Users/peterpanpoo/Documents/Unreal Projects/ProjectRH/Content/StarterContent/Audio/Collapse02.uasset" 133
"../../../../../../Users/peterpanpoo/Documents/Unreal Projects/ProjectRH/Content/StarterContent/Audio/Explosion01.uasset" 134
"../../../../../../Users/peterpanpoo/Documents/Unreal Projects/ProjectRH/Content/StarterContent/Audio/Explosion02.uasset" 135
"../../../../../../Users/peterpanpoo/Documents/Unreal Projects/ProjectRH/Content/StarterContent/Audio/Fire01.uasset" 136
"../../../../../../Users/peterpanpoo/Documents/Unreal Projects/ProjectRH/Content/StarterContent/Audio/Fire_Sparks01.uasset" 137
"../../../../../../Users/peterpanpoo/Documents/Unreal Projects/ProjectRH/Content/StarterContent/Audio/Light01.uasset" 138
"../../../../../../Users/peterpanpoo/Documents/Unreal Projects/ProjectRH/Content/StarterContent/Audio/Light01_Cue.uasset" 139
"../../../../../../Users/peterpanpoo/Documents/Unreal Projects/ProjectRH/Content/StarterContent/Audio/Light02.uasset" 140
"../../../../../../Users/peterpanpoo/Documents/Unreal Projects/ProjectRH/Content/StarterContent/Audio/Light02_Cue.uasset" 141
"../../../../../../Users/peterpanpoo/Documents/Unreal Projects/ProjectRH/Content/StarterContent/Audio/Smoke01.uasset" 142
"../../../../../../Users/peterpanpoo/Documents/Unreal Projects/ProjectRH/Content/StarterContent/Audio/Starter_Birds01.uasset" 143
"../../../../../../Users/peterpanpoo/Documents/Unreal Projects/ProjectRH/Content/StarterContent/Audio/Starter_Music01.uasset" 144
"../../../../../../Users/peterpanpoo/Documents/Unreal Projects/ProjectRH/Content/StarterContent/Audio/Starter_Wind05.uasset" 145
"../../../../../../Users/peterpanpoo/Documents/Unreal Projects/ProjectRH/Content/StarterContent/Audio/Starter_Wind06.uasset" 146
"../../../../../../Users/peterpanpoo/Documents/Unreal Projects/ProjectRH/Content/StarterContent/Audio/Steam01.uasset" 147
"../../../../../../Users/peterpanpoo/Documents/Unreal Projects/ProjectRH/Content/StarterContent/Audio/Explosion_Cue.uasset" 148
"../../../../../../Users/peterpanpoo/Documents/Unreal Projects/ProjectRH/Content/StarterContent/Textures/T_Burst_M.uasset" 149
"../../../../../../Users/peterpanpoo/Documents/Unreal Projects/ProjectRH/Content/StarterContent/Particles/Materials/M_Burst.uasset" 150
"../../../../../../Users/peterpanpoo/Documents/Unreal Projects/ProjectRH/Content/StarterContent/Textures/T_Explosion_SubUV.uasset" 151
"../../../../../../Users/peterpanpoo/Documents/Unreal Projects/ProjectRH/Content/StarterContent/Particles/Materials/M_explosion_subUV.uasset" 152
"../../../../../../Users/peterpanpoo/Documents/Unreal Projects/ProjectRH/Content/StarterContent/Particles/Materials/m_flare_01.uasset" 153
"../../../../../../Users/peterpanpoo/Documents/Unreal Projects/ProjectRH/Content/StarterContent/Particles/Materials/M_radial_ramp.uasset" 154
"../../../../../../Users/peterpanpoo/Documents/Unreal Projects/ProjectRH/Content/StarterContent/Textures/T_Smoke_SubUV.uasset" 155
"../../../../../../Users/peterpanpoo/Documents/Unreal Projects/ProjectRH/Content/StarterContent/Textures/T_Smoke_Tiled_D.uasset" 156
"../../../../../../Users/peterpanpoo/Documents/Unreal Projects/ProjectRH/Content/StarterContent/Particles/Materials/M_smoke_subUV.uasset" 157
"../../../../../../Users/peterpanpoo/Documents/Unreal Projects/ProjectRH/Content/StarterContent/Particles/P_Explosion.uasset" 158
"../../../../../../Users/peterpanpoo/Documents/Unreal Projects/ProjectRH/Content/StarterContent/Blueprints/Blueprint_Effect_Explosion.uasset" 159
"../../../Engine/Content/EditorMeshes/ColorCalibrator/T_ColorGrid.uasset" 160
"../../../../../../Users/peterpanpoo/Documents/Unreal Projects/ProjectRH/Content/StarterContent/Materials/M_ColorGrid_LowSpec.uasset" 161
"../../../../../../Users/peterpanpoo/Documents/Unreal Projects/ProjectRH/Content/StarterContent/Textures/T_Bush_D.uasset" 162
"../../../../../../Users/peterpanpoo/Documents/Unreal Projects/ProjectRH/Content/StarterContent/Textures/T_Bush_N.uasset" 163
"../../../../../../Users/peterpanpoo/Documents/Unreal Projects/ProjectRH/Content/StarterContent/Props/Materials/M_Bush.uasset" 164
"../../../../../../Users/peterpanpoo/Documents/Unreal Projects/ProjectRH/Content/StarterContent/Props/SM_Bush.uasset" 165
"../../../../../../Users/peterpanpoo/Documents/Unreal Projects/ProjectRH/Content/StarterContent/Textures/T_Chair_M.uasset" 166
"../../../../../../Users/peterpanpoo/Documents/Unreal Projects/ProjectRH/Content/StarterContent/Textures/T_Chair_N.uasset" 167
"../../../../../../Users/peterpanpoo/Documents/Unreal Projects/ProjectRH/Content/StarterContent/Props/Materials/M_Chair.uasset" 168
"../../../../../../Users/peterpanpoo/Documents/Unreal Projects/ProjectRH/Content/StarterContent/Props/SM_Couch.uasset" 169
"../../../../../../Users/peterpanpoo/Documents/Unreal Projects/ProjectRH/Content/StarterContent/Materials/M_Glass.uasset" 170
"../../../../../../Users/peterpanpoo/Documents/Unreal Projects/ProjectRH/Content/StarterContent/Textures/T_Door_M.uasset" 171
"../../../../../../Users/peterpanpoo/Documents/Unreal Projects/ProjectRH/Content/StarterContent/Textures/T_Door_N.uasset" 172
"../../../../../../Users/peterpanpoo/Documents/Unreal Projects/ProjectRH/Content/StarterContent/Props/Materials/M_Door.uasset" 173
"../../../../../../Users/peterpanpoo/Documents/Unreal Projects/ProjectRH/Content/StarterContent/Props/SM_Door.uasset" 174
"../../../../../../Users/peterpanpoo/Documents/Unreal Projects/ProjectRH/Content/StarterContent/Props/Materials/M_MaterialSphere.uasset" 175
"../../../../../../Users/peterpanpoo/Documents/Unreal Projects/ProjectRH/Content/StarterContent/Props/Materials/M_MaterialSphere_Plain.uasset" 176
"../../../../../../Users/peterpanpoo/Documents/Unreal Projects/ProjectRH/Content/StarterContent/Props/SM_MatPreviewMesh_02.uasset" 177
"../../../../../../Users/peterpanpoo/Documents/Unreal Projects/ProjectRH/Content/StarterContent/Textures/T_Detail_Rocky_N.uasset" 178
"../../../../../../Users/peterpanpoo/Documents/Unreal Projects/ProjectRH/Content/StarterContent/Textures/T_Rock_Basalt_D.uasset" 179
"../../../../../../Users/peterpanpoo/Documents/Unreal Projects/ProjectRH/Content/StarterContent/Textures/T_RockMesh_M.uasset" 180
"../../../../../../Users/peterpanpoo/Documents/Unreal Projects/ProjectRH/Content/StarterContent/Textures/T_RockMesh_N.uasset" 181
"../../../../../../Users/peterpanpoo/Documents/Unreal Projects/ProjectRH/Content/StarterContent/Props/Materials/M_Rock.uasset" 182
"../../../../../../Users/peterpanpoo/Documents/Unreal Projects/ProjectRH/Content/StarterContent/Props/SM_Rock.uasset" 183
"../../../../../../Users/peterpanpoo/Documents/Unreal Projects/ProjectRH/Content/StarterContent/Textures/T_Shelf_M.uasset" 184
"../../../../../../Users/peterpanpoo/Documents/Unreal Projects/ProjectRH/Content/StarterContent/Textures/T_Shelf_N.uasset" 185
"../../../../../../Users/peterpanpoo/Documents/Unreal Projects/ProjectRH/Content/StarterContent/Props/Materials/M_Shelf.uasset" 186
"../../../../../../Users/peterpanpoo/Documents/Unreal Projects/ProjectRH/Content/StarterContent/Props/SM_Shelf.uasset" 187
"../../../../../../Users/peterpanpoo/Documents/Unreal Projects/ProjectRH/Content/StarterContent/Materials/M_Basic_Floor.uasset" 188
"../../../../../../Users/peterpanpoo/Documents/Unreal Projects/ProjectRH/Content/StarterContent/Props/SM_Stairs.uasset" 189
"../../../../../../Users/peterpanpoo/Documents/Unreal Projects/ProjectRH/Content/StarterContent/Shapes/Shape_Cone.uasset" 190
"../../../../../../Users/peterpanpoo/Documents/Unreal Projects/ProjectRH/Content/StarterContent/Shapes/Shape_Cylinder.uasset" 191
"../../../../../../Users/peterpanpoo/Documents/Unreal Projects/ProjectRH/Content/StarterContent/Shapes/Shape_NarrowCapsule.uasset" 192
"../../../../../../Users/peterpanpoo/Documents/Unreal Projects/ProjectRH/Content/StarterContent/Shapes/Shape_Pipe.uasset" 193
"../../../../../../Users/peterpanpoo/Documents/Unreal Projects/ProjectRH/Content/StarterContent/Shapes/Shape_Pipe_180.uasset" 194
"../../../../../../Users/peterpanpoo/Documents/Unreal Projects/ProjectRH/Content/StarterContent/Shapes/Shape_Pipe_90.uasset" 195
"../../../../../../Users/peterpanpoo/Documents/Unreal Projects/ProjectRH/Content/StarterContent/Shapes/Shape_Plane.uasset" 196
"../../../../../../Users/peterpanpoo/Documents/Unreal Projects/ProjectRH/Content/StarterContent/Shapes/Shape_Torus.uasset" 197
"../../../../../../Users/peterpanpoo/Documents/Unreal Projects/ProjectRH/Content/StarterContent/Shapes/Shape_Trim.uasset" 198
"../../../../../../Users/peterpanpoo/Documents/Unreal Projects/ProjectRH/Content/StarterContent/Shapes/Shape_Trim_90_In.uasset" 199
"../../../../../../Users/peterpanpoo/Documents/Unreal Projects/ProjectRH/Content/StarterContent/Shapes/Shape_Trim_90_Out.uasset" 200
"../../../../../../Users/peterpanpoo/Documents/Unreal Projects/ProjectRH/Content/StarterContent/Shapes/Shape_TriPyramid.uasset" 201
"../../../../../../Users/peterpanpoo/Documents/Unreal Projects/ProjectRH/Content/StarterContent/Shapes/Shape_Tube.uasset" 202
"../../../../../../Users/peterpanpoo/Documents/Unreal Projects/ProjectRH/Content/StarterContent/Shapes/Shape_Wedge_A.uasset" 203
"../../../../../../Users/peterpanpoo/Documents/Unreal Projects/ProjectRH/Content/StarterContent/Shapes/Shape_Wedge_B.uasset" 204
"../../../../../../Users/peterpanpoo/Documents/Unreal Projects/ProjectRH/Content/StarterContent/Shapes/Shape_WideCapsule.uasset" 205
"../../../../../../Users/peterpanpoo/Documents/Unreal Projects/ProjectRH/Content/Terrain/S_GroundPlane.uasset" 206
"../../../../../../Users/peterpanpoo/Documents/Unreal Projects/ProjectRH/Content/Terrain/BP_Floor.uasset" 207
"../../../../../../Users/peterpanpoo/Documents/Unreal Projects/ProjectRH/Content/Terrain/BP_Floor2.uasset" 208
"../../../../../../Users/peterpanpoo/Documents/Unreal Projects/ProjectRH/Content/Terrain/Texture/BaseMaterial_ao.uasset" 209
"../../../../../../Users/peterpanpoo/Documents/Unreal Projects/ProjectRH/Content/Terrain/Texture/BaseMaterial_bump.uasset" 210
"../../../../../../Users/peterpanpoo/Documents/Unreal Projects/ProjectRH/Content/Terrain/Texture/BaseMaterial_diff.uasset" 211
"../../../../../../Users/peterpanpoo/Documents/Unreal Projects/ProjectRH/Content/Terrain/Texture/BaseMaterial_norm.uasset" 212
"../../../../../../Users/peterpanpoo/Documents/Unreal Projects/ProjectRH/Content/Terrain/Material/M_Floor_Metal.uasset" 213
"../../../../../../Users/peterpanpoo/Documents/Unreal Projects/ProjectRH/Content/Terrain/Texture/BaseMaterial_glass.uasset" 214
"../../../../../../Users/peterpanpoo/Documents/Unreal Projects/ProjectRH/Content/Terrain/Texture/BaseMaterial_spec.uasset" 215
"../../../../../../Users/peterpanpoo/Documents/Unreal Projects/ProjectRH/Content/Terrain/TriggerZones/BP_Zone_Turn.uasset" 216
"../../../../../../Users/peterpanpoo/Documents/Unreal Projects/ProjectRH/Content/UI/WBP_ServerRow.uasset" 217
"../../../Engine/Content/Functions/Engine_MaterialFunctions01/Opacity/CameraDepthFade.uasset" 218
"../../../Engine/Content/EngineMaterials/T_Default_Material_Grid_M.uasset" 219
"../../../Engine/Content/EngineMaterials/T_Default_Material_Grid_N.uasset" 220
"../../../Engine/Content/EngineMaterials/WorldGridMaterial.uasset" 221
"../../../Engine/Content/ArtTools/RenderToTexture/Meshes/S_1_Unit_Plane.uasset" 222
"../../../Engine/Content/EngineMaterials/DefaultMaterial.uasset" 223
"../../../Engine/Content/BasicShapes/Cone.uasset" 224
"../../../Engine/Content/BasicShapes/Plane.uasset" 225
"../../../Engine/Content/BasicShapes/Sphere.uasset" 226
"../../../Engine/Content/EditorLandscapeResources/DataLayer.uasset" 227
"../../../Engine/Content/EditorMaterials/GizmoMaterial.uasset" 228
"../../../Engine/Content/EditorMaterials/MAT_Groups_Toggle.uasset" 229
"../../../Engine/Content/EditorMaterials/MAT_Groups_Visibility.uasset" 230
"../../../Engine/Content/EditorMaterials/PreviewShadowIndicator.uasset" 231
"../../../Engine/Content/EditorMaterials/PreviewShadowIndicatorMaterial.uasset" 232
"../../../Engine/Content/EditorMaterials/MatineeGroups/MAT_ColorTrack.uasset" 233
"../../../Engine/Content/EditorMaterials/MatineeGroups/MAT_Groups_Anim.uasset" 234
"../../../Engine/Content/EditorMaterials/MatineeGroups/MAT_Groups_AudioMaster.uasset" 235
"../../../Engine/Content/EditorMaterials/MatineeGroups/MAT_Groups_Director.uasset" 236
"../../../Engine/Content/EditorMaterials/MatineeGroups/MAT_Groups_Event.uasset" 237
"../../../Engine/Content/EditorMaterials/MatineeGroups/MAT_Groups_Fade.uasset" 238
"../../../Engine/Content/EditorMaterials/MatineeGroups/MAT_Groups_Float.uasset" 239
"../../../Engine/Content/EditorMaterials/MatineeGroups/MAT_Groups_Move.uasset" 240
"../../../Engine/Content/EditorMaterials/MatineeGroups/MAT_Groups_Slomo.uasset" 241
"../../../Engine/Content/EditorMaterials/MatineeGroups/MAT_Groups_Sound.uasset" 242
"../../../Engine/Content/EditorMaterials/MatineeGroups/MAT_Groups_Vector.uasset" 243
"../../../Engine/Content/EditorMaterials/ParticleSystems/PSysThumbnail_NoImage.uasset" 244
"../../../Engine/Content/EditorMaterials/ParticleSystems/PSysThumbnail_OOD.uasset" 245
"../../../Engine/Content/EditorMaterials/Camera/CineMat.uasset" 246
"../../../Engine/Content/EditorMaterials/Camera/MI_CineMat_Rig.uasset" 247
"../../../Engine/Content/EditorMeshes/Camera/SM_CraneRig_Arm.uasset" 248
"../../../Engine/Content/EditorMeshes/Camera/SM_CraneRig_Base.uasset" 249
"../../../Engine/Content/EditorMeshes/Camera/SM_CraneRig_Body.uasset" 250
"../../../Engine/Content/EditorMeshes/Camera/SM_CraneRig_Mount.uasset" 251
"../../../Engine/Content/EditorMeshes/Camera/SM_RailRig_Mount.uasset" 252
"../../../Engine/Content/EditorMeshes/Camera/SM_RailRig_Track.uasset" 253
"../../../Engine/Content/EditorResources/BSPVertex.uasset" 254
"../../../Engine/Content/EditorResources/EmptyActor.uasset" 255
"../../../Engine/Content/EditorResources/S_Actor.uasset" 256
"../../../Engine/Content/EditorResources/S_Trigger.uasset" 257
"../../../Engine/Content/EditorResources/AudioIcons/S_AudioComponent.uasset" 258
"../../../Engine/Content/EditorResources/AudioIcons/S_AudioComponent_AutoActivate.uasset" 259
"../../../Engine/Content/EditorResources/LightIcons/S_LightError.uasset" 260
"../../../Engine/Content/EditorResources/SequenceRecorder/Countdown.uasset" 261
"../../../Engine/Content/EditorResources/SequenceRecorder/RecordingIndicator.uasset" 262
"../../../Engine/Content/EditorSounds/Notifications/CompileFailed.uasset" 263
"../../../Engine/Content/EditorSounds/Notifications/CompileFailed_Cue.uasset" 264
"../../../Engine/Content/EditorSounds/Notifications/CompileSuccess.uasset" 265
"../../../Engine/Content/EditorSounds/Notifications/CompileStart_Cue.uasset" 266
"../../../Engine/Content/EditorSounds/Notifications/CompileSuccess_Cue.uasset" 267
"../../../Engine/Content/EngineDamageTypes/DmgTypeBP_Environmental.uasset" 268
"../../../Engine/Content/EngineDebugMaterials/HeatmapGradient.uasset" 269
"../../../Engine/Content/EngineDebugMaterials/BoneWeightMaterial.uasset" 270
"../../../Engine/Content/EngineDebugMaterials/ClothMaterial.uasset" 271
"../../../Engine/Content/EngineDebugMaterials/ClothMaterial_WF.uasset" 272
"../../../Engine/Content/EngineDebugMaterials/DebugEditorMaterial.uasset" 273
"../../../Engine/Content/EngineDebugMaterials/DebugMeshMaterial.uasset" 274
"../../../Engine/Content/EngineDebugMaterials/GeomMaterial.uasset" 275
"../../../Engine/Content/EngineDebugMaterials/M_SimpleTranslucent.uasset" 276
"../../../Engine/Content/EngineFonts/Faces/RobotoBold.uasset" 277
"../../../Engine/Content/EngineFonts/Faces/RobotoBoldItalic.uasset" 278
"../../../Engine/Content/EngineFonts/Faces/RobotoItalic.uasset" 279
"../../../Engine/Content/EngineFonts/Faces/RobotoLight.uasset" 280
"../../../Engine/Content/EngineFonts/Faces/RobotoRegular.uasset" 281
"../../../Engine/Content/EngineFonts/Roboto.uasset" 282
"../../../Engine/Content/EngineFonts/Faces/RobotoTiny.uasset" 283
"../../../Engine/Content/EngineFonts/RobotoTiny.uasset" 284
"../../../Engine/Content/EngineMaterials/BaseFlattenDiffuseMap.uasset" 285
"../../../Engine/Content/EngineMaterials/BaseFlattenEmissiveMap.uasset" 286
"../../../Engine/Content/EngineMaterials/BaseFlattenGrayscaleMap.uasset" 287
"../../../Engine/Content/EngineMaterials/BaseFlattenNormalMap.uasset" 288
"../../../Engine/Content/EngineMaterials/BaseFlattenMaterial.uasset" 289
"../../../Engine/Content/EngineMaterials/DefaultBloomKernel.uasset" 290
"../../../Engine/Content/EngineMaterials/DefaultBokeh.uasset" 291
"../../../Engine/Content/EngineMaterials/DefaultDiffuse.uasset" 292
"../../../Engine/Content/EngineMaterials/DefaultDeferredDecalMaterial.uasset" 293
"../../../Engine/Content/EngineMaterials/DefaultLightFunctionMaterial.uasset" 294
"../../../Engine/Content/EngineMaterials/DefaultPhysicalMaterial.uasset" 295
"../../../Engine/Content/Functions/Engine_MaterialFunctions02/Utility/BreakOutFloat2Components.uasset" 296
"../../../Engine/Content/EngineMaterials/DefaultPostProcessMaterial.uasset" 297
"../../../Engine/Content/EngineFonts/RobotoDistanceField.uasset" 298
"../../../Engine/Content/EngineMaterials/DefaultTextMaterialOpaque.uasset" 299
"../../../Engine/Content/EngineMaterials/DefaultWhiteGrid.uasset" 300
"../../../Engine/Content/EngineMaterials/EditorBrushMaterial.uasset" 301
"../../../Engine/Content/EngineMaterials/Good64x64TilingNoiseHighFreq.uasset" 302
"../../../Engine/Content/EngineMaterials/MiniFont.uasset" 303
"../../../Engine/Content/EngineMaterials/InvalidLightmapSettings.uasset" 304
"../../../Engine/Content/EngineMaterials/M_InvalidLightmapSettings.uasset" 305
"../../../Engine/Content/Functions/Engine_MaterialFunctions02/WorldPositionOffset/CameraOffset.uasset" 306
"../../../Engine/Content/EngineMaterials/PhAT_JointLimitMaterial.uasset" 307
"../../../Engine/Content/EngineMaterials/PreintegratedSkinBRDF.uasset" 308
"../../../Engine/Content/EngineMaterials/RemoveSurfaceMaterial.uasset" 309
"../../../Engine/Content/EngineMaterials/WeightMapPlaceholderTexture.uasset" 310
"../../../Engine/Content/EngineResources/WhiteSquareTexture.uasset" 311
"../../../Engine/Content/EngineMaterials/Widget3DPassThrough.uasset" 312
"../../../Engine/Content/EngineMaterials/Widget3DPassThrough_Masked.uasset" 313
"../../../Engine/Content/EngineMaterials/Widget3DPassThrough_Opaque.uasset" 314
"../../../Engine/Content/EngineMaterials/Widget3DPassThrough_Masked_OneSided.uasset" 315
"../../../Engine/Content/EngineMaterials/Widget3DPassThrough_Opaque_OneSided.uasset" 316
"../../../Engine/Content/EngineMaterials/Widget3DPassThrough_Translucent.uasset" 317
"../../../Engine/Content/EngineMaterials/Widget3DPassThrough_Translucent_OneSided.uasset" 318
"../../../Engine/Content/EngineMeshes/Cylinder.uasset" 319
"../../../Engine/Content/EngineMeshes/Sphere.uasset" 320
"../../../Engine/Content/EngineResources/Black.uasset" 321
"../../../Engine/Content/EngineResources/DefaultTexture.uasset" 322
"../../../Engine/Content/EngineResources/DefaultTextureCube.uasset" 323
"../../../Engine/Content/EngineResources/DefaultVolumeTexture2D.uasset" 324
"../../../Engine/Content/EngineResources/DefaultVolumeTexture.uasset" 325
"../../../Engine/Content/EngineResources/GradientTexture0.uasset" 326
"../../../Engine/Content/EngineSounds/Master.uasset" 327
"../../../Engine/Content/Functions/Engine_MaterialFunctions01/Shading/ConvertFromDiffSpec.uasset" 328
"../../../Engine/Content/Functions/Engine_MaterialFunctions01/Shading/PowerToRoughness.uasset" 329
"../../../Engine/Content/Maps/Templates/Thumbnails/Default.uasset" 330
"../../../Engine/Content/Maps/Templates/Thumbnails/VR-Basic.uasset" 331
"../../../Engine/Content/MobileResources/T_MobileControls_texture.uasset" 332
"../../../Engine/Content/MobileResources/T_MobileMenu2.uasset" 333
"../../../Engine/Content/MobileResources/HUD/AnalogHat.uasset" 334
"../../../Engine/Content/MobileResources/HUD/VirtualJoystick_Background.uasset" 335
"../../../Engine/Content/MobileResources/HUD/VirtualJoystick_Thumb.uasset" 336
"../../../Engine/Content/MobileResources/HUD/DefaultVirtualJoysticks.uasset" 337
"../../../Engine/Content/MobileResources/HUD/LeftVirtualJoystickOnly.uasset" 338
"../../../Engine/Content/MobileResources/HUD/MobileHUDButton1_off.uasset" 339
"../../../Engine/Content/MobileResources/HUD/MobileHUDButton1_on.uasset" 340
"../../../Engine/Content/MobileResources/HUD/MobileHUDButton2_off.uasset" 341
"../../../Engine/Content/MobileResources/HUD/MobileHUDButton2_on.uasset" 342
"../../../Engine/Content/MobileResources/HUD/MobileHUDButton3.uasset" 343
"../../../Engine/Content/MobileResources/HUD/MobileHUDButtonFire.uasset" 344
"../../../Engine/Content/MobileResources/HUD/MobileHUDDirectionPad.uasset" 345
"../../../Engine/Content/MobileResources/HUD/MobileHUDDirectionPad2.uasset" 346
"../../../Engine/Content/MobileResources/HUD/MobileHUDDirectionPad3.uasset" 347
"../../../Engine/Content/MobileResources/HUD/MobileHUDDirectionStick.uasset" 348
"../../../Engine/Content/MobileResources/HUD/T_Castle_ThumbstickInner.uasset" 349
"../../../Engine/Content/MobileResources/HUD/T_Castle_ThumbstickOutter.uasset" 350
"../../../Engine/Content/Tutorial/ContentIntroCurve.uasset" 351
"../../../Engine/Content/Tutorial/Basics/TutorialAssets/icon_tab_Levels_40x.uasset" 352
"../../../Engine/Content/VREditor/LaserPointer/VR_LaserPower_01.uasset" 353
"../../../Engine/Content/VREditor/TransformGizmo/TransformGizmoMaterial.uasset" 354
"../../../Engine/Content/VREditor/TransformGizmo/TranslucentTransformGizmoMaterial.uasset" 355
"../../../Engine/Content/VREditor/TransformGizmo/BoundingBoxCorner.uasset" 356
"../../../Engine/Content/VREditor/TransformGizmo/BoundingBoxEdge.uasset" 357
"../../../Engine/Content/VREditor/TransformGizmo/PlaneTranslationHandle.uasset" 358
"../../../Engine/Content/VREditor/TransformGizmo/Main.uasset" 359
"../../../Engine/Content/VREditor/TransformGizmo/Xray.uasset" 360
"../../../Engine/Content/VREditor/TransformGizmo/SM_Sequencer_Key.uasset" 361
"../../../Engine/Content/VREditor/TransformGizmo/SM_Sequencer_Node.uasset" 362
"../../Plugins/2D/Paper2D/Content/PlaceholderTextures/DummySpriteTexture.uasset" 363
"../../Plugins/2D/Paper2D/Content/DummySprite.uasset" 364
"../../Plugins/2D/Paper2D/Content/DefaultPaperTerrainMaterial.uasset" 365
"../../Plugins/2D/Paper2D/Content/DefaultSpriteMaterial.uasset" 366
"../../Plugins/2D/Paper2D/Content/MaskedUnlitSpriteMaterial.uasset" 367
"../../Plugins/2D/Paper2D/Content/OpaqueUnlitSpriteMaterial.uasset" 368
"../../Plugins/Runtime/Oculus/OculusVR/Content/Materials/PokeAHoleMaterial.uasset" 369
"../../Plugins/Runtime/Oculus/OculusVR/Content/Textures/GearVRController_AO.uasset" 370
"../../Plugins/Runtime/Oculus/OculusVR/Content/Textures/GearVRController_Color.uasset" 371
"../../Plugins/Runtime/Oculus/OculusVR/Content/Textures/GearVRController_Normal.uasset" 372
"../../Plugins/Runtime/Oculus/OculusVR/Content/Materials/GearVRControllerMaterial.uasset" 373
"../../Plugins/Runtime/Oculus/OculusVR/Content/Meshes/GearVrController.uasset" 374
"../../Plugins/Runtime/Oculus/OculusVR/Content/Textures/touchController_albedo.uasset" 375
"../../Plugins/Runtime/Oculus/OculusVR/Content/Textures/touchController_controlmap.uasset" 376
"../../Plugins/Runtime/Oculus/OculusVR/Content/Materials/touchController_mat.uasset" 377
"../../Plugins/Runtime/Oculus/OculusVR/Content/Meshes/LeftTouchController.uasset" 378
"../../Plugins/Runtime/Oculus/OculusVR/Content/Meshes/RiftHMD.uasset" 379
"../../Plugins/Runtime/Oculus/OculusVR/Content/Meshes/RightTouchController.uasset" 380
"../../../Engine/Content/EngineSky/C_Sky_Cloud_Color.uasset" 381
"../../../Engine/Content/EngineSky/C_Sky_Horizon_Color.uasset" 382
"../../../Engine/Content/EngineSky/C_Sky_Zenith_Color.uasset" 383
"../../../Engine/Content/EngineSky/T_Sky_Blue.uasset" 384
"../../../Engine/Content/EngineSky/T_Sky_Clouds_M.uasset" 385
"../../../Engine/Content/EngineSky/T_Sky_Stars.uasset" 386
"../../../Engine/Content/EngineSky/M_Sky_Panning_Clouds2.uasset" 387
"../../../Engine/Content/EngineSky/SM_SkySphere.uasset" 388
"../../../Engine/Content/EngineSky/BP_Sky_Sphere.uasset" 389
"../../../../../../Users/peterpanpoo/Documents/Unreal Projects/ProjectRH/Content/UI/Material/M_ProgressBar_Invis.uasset" 390
"../../../../../../Users/peterpanpoo/Documents/Unreal Projects/ProjectRH/Content/UI/Images/running-man-512.uasset" 391
"../../../../../../Users/peterpanpoo/Documents/Unreal Projects/ProjectRH/Content/UI/WBP_Player_InGame.uasset" 392
"../../../../../../Users/peterpanpoo/Documents/Unreal Projects/ProjectRH/Content/UI/BP_HUD.uasset" 393
"../../../../../../Users/peterpanpoo/Documents/Unreal Projects/ProjectRH/Content/RunnerGameMode.uasset" 394
"../../../../../../Users/peterpanpoo/Documents/Unreal Projects/ProjectRH/Content/Maps/Halo_Map_BuiltData.uasset" 395
"../../../../../../Users/peterpanpoo/Documents/Unreal Projects/ProjectRH/Content/Maps/Halo_Map.umap" 396
"../../../../../../Users/peterpanpoo/Documents/Unreal Projects/ProjectRH/Content/Maps/Lobby_Map_BuiltData.uasset" 397
"../../../../../../Users/peterpanpoo/Documents/Unreal Projects/ProjectRH/Content/Geometry/Materials/M_Frame.uasset" 398
"../../../../../../Users/peterpanpoo/Documents/Unreal Projects/ProjectRH/Content/Geometry/Materials/M_Glas.uasset" 399
"../../../../../../Users/peterpanpoo/Documents/Unreal Projects/ProjectRH/Content/Pickup/Texture/T_CircleMask3.uasset" 400
"../../../../../../Users/peterpanpoo/Documents/Unreal Projects/ProjectRH/Content/Pickup/Material/M_Pickup_Decal.uasset" 401
"../../../Engine/Content/BasicShapes/Cube.uasset" 402
"../../../../../../Users/peterpanpoo/Documents/Unreal Projects/ProjectRH/Content/Geometry/Meshes/Floor_Lobby.uasset" 403
"../../../../../../Users/peterpanpoo/Documents/Unreal Projects/ProjectRH/Content/Geometry/Meshes/Lobby_Edges.uasset" 404
"../../../../../../Users/peterpanpoo/Documents/Unreal Projects/ProjectRH/Content/Geometry/Meshes/Lobby_Frames.uasset" 405
"../../../../../../Users/peterpanpoo/Documents/Unreal Projects/ProjectRH/Content/Sounds/Music/Monkey-Island-Band_Looping.uasset" 406
"../../../../../../Users/peterpanpoo/Documents/Unreal Projects/ProjectRH/Content/Maps/Lobby_Map.umap" 407
"../../../../../../Users/peterpanpoo/Documents/Unreal Projects/ProjectRH/Content/Maps/MainMenu_Map_BuiltData.uasset" 408
"../../../../../../Users/peterpanpoo/Documents/Unreal Projects/ProjectRH/Content/Sounds/Music/Guitar-Mayhem.uasset" 409
"../../../../../../Users/peterpanpoo/Documents/Unreal Projects/ProjectRH/Content/Movies/MainMenuVideo.uasset" 410
"../../../../../../Users/peterpanpoo/Documents/Unreal Projects/ProjectRH/Content/Movies/MainMenuMediaPlayer.uasset" 411
"../../../../../../Users/peterpanpoo/Documents/Unreal Projects/ProjectRH/Content/Movies/MainMenuMediaPlayer_Video.uasset" 412
"../../../../../../Users/peterpanpoo/Documents/Unreal Projects/ProjectRH/Content/UI/WBP_MainMenu.uasset" 413
"../../../../../../Users/peterpanpoo/Documents/Unreal Projects/ProjectRH/Content/Maps/MainMenu_Map.umap" 414
"../../../../../../Users/peterpanpoo/Documents/Unreal Projects/ProjectRH/Content/AI/BB_Patrol.uasset" 415
"../../../../../../Users/peterpanpoo/Documents/Unreal Projects/ProjectRH/Content/AI/BTTask_ChooseNextTargetDestination.uasset" 416
"../../../../../../Users/peterpanpoo/Documents/Unreal Projects/ProjectRH/Content/AI/BT_Patrol.uasset" 417
"../../../../../../Users/peterpanpoo/Documents/Unreal Projects/ProjectRH/Content/AI/NPC_AI_Controller.uasset" 418
"../../../../../../Users/peterpanpoo/Documents/Unreal Projects/ProjectRH/Content/AI/BP_AI_Character.uasset" 419
"../../../Engine/Content/MapTemplates/SM_Template_Map_Floor.uasset" 420
"../../../../../../Users/peterpanpoo/Documents/Unreal Projects/ProjectRH/Content/Terrain/Basic/BP_Turn_Base.uasset" 421
"../../../../../../Users/peterpanpoo/Documents/Unreal Projects/ProjectRH/Content/Terrain/Basic/BP_Turn_Right.uasset" 422
"../../../../../../Users/peterpanpoo/Documents/Unreal Projects/ProjectRH/Content/Terrain/TriggerZones/BP_Zone_Death.uasset" 423
"../../../../../../Users/peterpanpoo/Documents/Unreal Projects/ProjectRH/Content/Pickup/BP_Pickup.uasset" 424
"../../../Engine/Content/VREditor/BasicMeshes/T_CleanFloorGrunge_01_D.uasset" 425
"../../../Engine/Content/VREditor/BasicMeshes/M_Floor_01.uasset" 426
"../../../Engine/Content/VREditor/BasicMeshes/MI_Pyramid_01.uasset" 427
"../../../Engine/Content/VREditor/BasicMeshes/SM_Pyramid_01.uasset" 428
"../../../../../../Users/peterpanpoo/Documents/Unreal Projects/ProjectRH/Content/Effect/Materials/M_beam_ramp.uasset" 429
"../../../../../../Users/peterpanpoo/Documents/Unreal Projects/ProjectRH/Content/Effect/Materials/M_radial_ramp.uasset" 430
"../../../../../../Users/peterpanpoo/Documents/Unreal Projects/ProjectRH/Content/Effect/ParticleSystems/P_electricity_arc.uasset" 431
"../../../../../../Users/peterpanpoo/Documents/Unreal Projects/ProjectRH/Content/UI/Images/snail.uasset" 432
"../../../../../../Users/peterpanpoo/Documents/Unreal Projects/ProjectRH/Content/Pickup/BP_Powerup_ElectricZap.uasset" 433
"../../../Engine/Content/Tutorial/SubEditors/TutorialAssets/T_SmokeSubUV_8X8.uasset" 434
"../../../Engine/Content/Tutorial/SubEditors/TutorialAssets/T_soft_smoke.uasset" 435
"../../../Engine/Content/Tutorial/SubEditors/TutorialAssets/M_smoke_subUV_blackbody.uasset" 436
"../../../Engine/Content/Tutorial/SubEditors/TutorialAssets/TutorialParticleSystem.uasset" 437
"../../../../../../Users/peterpanpoo/Documents/Unreal Projects/ProjectRH/Content/Pickup/Meshes/Flying_Symbol.uasset" 438
"../../../../../../Users/peterpanpoo/Documents/Unreal Projects/ProjectRH/Content/UI/Images/jet.uasset" 439
"../../../../../../Users/peterpanpoo/Documents/Unreal Projects/ProjectRH/Content/Pickup/BP_Powerup_Fly.uasset" 440
"../../../../../../Users/peterpanpoo/Documents/Unreal Projects/ProjectRH/Content/Pickup/Material/Material.uasset" 441
"../../../../../../Users/peterpanpoo/Documents/Unreal Projects/ProjectRH/Content/Pickup/Meshes/SpeedIcon.uasset" 442
"../../../../../../Users/peterpanpoo/Documents/Unreal Projects/ProjectRH/Content/UI/Images/fast-forward.uasset" 443
"../../../../../../Users/peterpanpoo/Documents/Unreal Projects/ProjectRH/Content/Pickup/BP_Powerup_SpeedBoost.uasset" 444
"../../../../../../Users/peterpanpoo/Documents/Unreal Projects/ProjectRH/Content/Geometry/Meshes/Terrain_Connection_Height.uasset" 445
"../../../../../../Users/peterpanpoo/Documents/Unreal Projects/ProjectRH/Content/Geometry/Meshes/Terrain_Connector_Wall.uasset" 446
"../../../../../../Users/peterpanpoo/Documents/Unreal Projects/ProjectRH/Content/Terrain/Basic/BP_Connection.uasset" 447
"../../../../../../Users/peterpanpoo/Documents/Unreal Projects/ProjectRH/Content/Terrain/Basic/BP_Straight.uasset" 448
"../../../../../../Users/peterpanpoo/Documents/Unreal Projects/ProjectRH/Content/Terrain/Basic/BP_Turn_Left.uasset" 449
"../../../Engine/Content/Functions/Engine_MaterialFunctions02/Utility/Sine_Remapped.uasset" 450
"../../../../../../Users/peterpanpoo/Documents/Unreal Projects/ProjectRH/Content/Terrain/LaunchPad/Materials/T_Arrow.uasset" 451
"../../../../../../Users/peterpanpoo/Documents/Unreal Projects/ProjectRH/Content/Terrain/LaunchPad/Materials/T_DevPatterns.uasset" 452
"../../../../../../Users/peterpanpoo/Documents/Unreal Projects/ProjectRH/Content/Terrain/LaunchPad/Materials/M_LaunchPAd.uasset" 453
"../../../../../../Users/peterpanpoo/Documents/Unreal Projects/ProjectRH/Content/Terrain/LaunchPad/Materials/M_LaunchPadBase.uasset" 454
"../../../Engine/Content/EngineMeshes/Cube.uasset" 455
"../../../../../../Users/peterpanpoo/Documents/Unreal Projects/ProjectRH/Content/Terrain/LaunchPad/BP_LaunchPad.uasset" 456
"../../../Engine/Content/BufferVisualization/FinalImage.uasset" 457
"../../../Engine/Content/BasicShapes/Cylinder.uasset" 458
"../../../../../../Users/peterpanpoo/Documents/Unreal Projects/ProjectRH/Content/Effect/Textures/T_Explosion_SubUV.uasset" 459
"../../../../../../Users/peterpanpoo/Documents/Unreal Projects/ProjectRH/Content/Effect/Materials/M_explosion_subUV.uasset" 460
"../../../../../../Users/peterpanpoo/Documents/Unreal Projects/ProjectRH/Content/Effect/ParticleSystems/P_Explosion.uasset" 461
"../../../../../../Users/peterpanpoo/Documents/Unreal Projects/ProjectRH/Content/Terrain/Props/BP_Obstacle.uasset" 462
"../../../../../../Users/peterpanpoo/Documents/Unreal Projects/ProjectRH/Content/Effect/Textures/T_Spark_Core.uasset" 463
"../../../../../../Users/peterpanpoo/Documents/Unreal Projects/ProjectRH/Content/Effect/Materials/M_Spark.uasset" 464
"../../../../../../Users/peterpanpoo/Documents/Unreal Projects/ProjectRH/Content/Effect/ParticleSystems/P_Sparks.uasset" 465
"../../../../../../Users/peterpanpoo/Documents/Unreal Projects/ProjectRH/Content/Terrain/Meshes/SM_Pyramid4E.uasset" 466
"../../../../../../Users/peterpanpoo/Documents/Unreal Projects/ProjectRH/Content/Terrain/Props/BP_Obstacle_Ray.uasset" 467
"../../../Engine/Content/Engine_MI_Shaders/T_Reflection.uasset" 468
"../../../Engine/Content/Engine_MI_Shaders/M_Shader_SimpleTranslucent.uasset" 469
"../../../Engine/Content/Engine_MI_Shaders/T_Emissive.uasset" 470
"../../../Engine/Content/Engine_MI_Shaders/Instances/M_Shader_SimpleTranslucent_Invis.uasset" 471
"../../../../../../Users/peterpanpoo/Documents/Unreal Projects/ProjectRH/Content/Terrain/TriggerZones/BP_WayGate.uasset" 472
"../../../../../../Users/peterpanpoo/Documents/Unreal Projects/ProjectRH/Content/Terrain/TriggerZones/BP_Zone_Finish.uasset" 473
"../../../../../../Users/peterpanpoo/Documents/Unreal Projects/ProjectRH/Content/Maps/Test_Map_BuiltData.uasset" 474
"../../../../../../Users/peterpanpoo/Documents/Unreal Projects/ProjectRH/Content/Maps/Test_Map.umap" 475
"../../../../../../Users/peterpanpoo/Documents/Unreal Projects/ProjectRH/Content/UI/WBP_LoadingScreen.uasset" 476
"../../../../../../Users/peterpanpoo/Documents/Unreal Projects/ProjectRH/Content/Maps/Transition.umap" 477
"../../../../../../Users/peterpanpoo/Documents/Unreal Projects/ProjectRH/Content/StarterContent/Blueprints/Assets/FogBrightnessLUT.uasset" 478
"../../../../../../Users/peterpanpoo/Documents/Unreal Projects/ProjectRH/Content/StarterContent/Blueprints/Assets/SunlightColorLUT.uasset" 479
"../../../../../../Users/peterpanpoo/Documents/Unreal Projects/ProjectRH/Content/StarterContent/Blueprints/Assets/M_LightStage_Arrows.uasset" 480
"../../../Engine/Content/MapTemplates/Sky/DaylightAmbientCubemap.uasset" 481
"../../../../../../Users/peterpanpoo/Documents/Unreal Projects/ProjectRH/Content/StarterContent/Blueprints/Assets/M_LightStage_Skybox_Master.uasset" 482
"../../../../../../Users/peterpanpoo/Documents/Unreal Projects/ProjectRH/Content/StarterContent/Blueprints/Assets/M_LightStage_Skybox_Black.uasset" 483
"../../../../../../Users/peterpanpoo/Documents/Unreal Projects/ProjectRH/Content/StarterContent/Blueprints/Assets/M_LightStage_Skybox_HDRI.uasset" 484
"../../../Engine/Content/EditorMaterials/Thumbnails/SkySphereMaterial.uasset" 485
"../../../../../../Users/peterpanpoo/Documents/Unreal Projects/ProjectRH/Content/StarterContent/Blueprints/Assets/Skybox.uasset" 486
"../../../../../../Users/peterpanpoo/Documents/Unreal Projects/ProjectRH/Content/StarterContent/Blueprints/Assets/SM_Arrows.uasset" 487
"../../../../../../Users/peterpanpoo/Documents/Unreal Projects/ProjectRH/Content/StarterContent/HDRI/HDRI_Epic_Courtyard_Daylight.uasset" 488
"../../../../../../Users/peterpanpoo/Documents/Unreal Projects/ProjectRH/Content/StarterContent/Blueprints/BP_LightStudio.uasset" 489
"../../../../../../Users/peterpanpoo/Documents/Unreal Projects/ProjectRH/Content/StarterContent/Maps/Advanced_Lighting_BuiltData.uasset" 490
"../../../../../../Users/peterpanpoo/Documents/Unreal Projects/ProjectRH/Content/StarterContent/Materials/M_AssetPlatform.uasset" 491
"../../../Engine/Content/EditorMeshes/ColorCalibrator/M_ChromeBall.uasset" 492
"../../../Engine/Content/EditorMeshes/ColorCalibrator/M_ClearCoat.uasset" 493
"../../../Engine/Content/EditorMeshes/ColorCalibrator/M_ClearCoatBlack.uasset" 494
"../../../Engine/Content/EditorMeshes/ColorCalibrator/Color_checker.uasset" 495
"../../../Engine/Content/EditorMeshes/ColorCalibrator/M_ColorGrid.uasset" 496
"../../../Engine/Content/EditorMeshes/ColorCalibrator/M_GreyBall.uasset" 497
"../../../Engine/Content/EditorMeshes/ColorCalibrator/SM_ColorCalibrator.uasset" 498
"../../../../../../Users/peterpanpoo/Documents/Unreal Projects/ProjectRH/Content/StarterContent/Architecture/SM_AssetPlatform.uasset" 499
"../../../../../../Users/peterpanpoo/Documents/Unreal Projects/ProjectRH/Content/StarterContent/Maps/Advanced_Lighting.umap" 500
"../../../../../../Users/peterpanpoo/Documents/Unreal Projects/ProjectRH/Content/StarterContent/Maps/Minimal_Default_BuiltData.uasset" 501
"../../../../../../Users/peterpanpoo/Documents/Unreal Projects/ProjectRH/Content/StarterContent/Textures/T_MacroVariation.uasset" 502
"../../../../../../Users/peterpanpoo/Documents/Unreal Projects/ProjectRH/Content/StarterContent/Materials/M_Metal_Brushed_Nickel.uasset" 503
"../../../../../../Users/peterpanpoo/Documents/Unreal Projects/ProjectRH/Content/StarterContent/Textures/T_Metal_Aluminum_D.uasset" 504
"../../../../../../Users/peterpanpoo/Documents/Unreal Projects/ProjectRH/Content/StarterContent/Textures/T_Metal_Gold_N.uasset" 505
"../../../../../../Users/peterpanpoo/Documents/Unreal Projects/ProjectRH/Content/StarterContent/Materials/M_Metal_Burnished_Steel.uasset" 506
"../../../../../../Users/peterpanpoo/Documents/Unreal Projects/ProjectRH/Content/StarterContent/Textures/T_Metal_Copper_D.uasset" 507
"../../../../../../Users/peterpanpoo/Documents/Unreal Projects/ProjectRH/Content/StarterContent/Materials/M_Metal_Copper.uasset" 508
"../../../../../../Users/peterpanpoo/Documents/Unreal Projects/ProjectRH/Content/StarterContent/Textures/T_Statue_M.uasset" 509
"../../../../../../Users/peterpanpoo/Documents/Unreal Projects/ProjectRH/Content/StarterContent/Textures/T_Statue_N.uasset" 510
"../../../../../../Users/peterpanpoo/Documents/Unreal Projects/ProjectRH/Content/StarterContent/Props/Materials/M_StatueGlass.uasset" 511
"../../../../../../Users/peterpanpoo/Documents/Unreal Projects/ProjectRH/Content/StarterContent/Architecture/Floor_400x400.uasset" 512
"../../../../../../Users/peterpanpoo/Documents/Unreal Projects/ProjectRH/Content/StarterContent/Audio/Starter_Background_Cue.uasset" 513
"../../../../../../Users/peterpanpoo/Documents/Unreal Projects/ProjectRH/Content/StarterContent/Props/SM_Chair.uasset" 514
"../../../../../../Users/peterpanpoo/Documents/Unreal Projects/ProjectRH/Content/StarterContent/Props/Materials/M_Statue.uasset" 515
"../../../../../../Users/peterpanpoo/Documents/Unreal Projects/ProjectRH/Content/StarterContent/Props/SM_Statue.uasset" 516
"../../../../../../Users/peterpanpoo/Documents/Unreal Projects/ProjectRH/Content/StarterContent/Textures/T_TableRound_M.uasset" 517
"../../../../../../Users/peterpanpoo/Documents/Unreal Projects/ProjectRH/Content/StarterContent/Textures/T_TableRound_N.uasset" 518
"../../../../../../Users/peterpanpoo/Documents/Unreal Projects/ProjectRH/Content/StarterContent/Props/Materials/M_TableRound.uasset" 519
"../../../../../../Users/peterpanpoo/Documents/Unreal Projects/ProjectRH/Content/StarterContent/Props/SM_TableRound.uasset" 520
"../../../../../../Users/peterpanpoo/Documents/Unreal Projects/ProjectRH/Content/StarterContent/Maps/Minimal_Default.umap" 521
"../../../../../../Users/peterpanpoo/Documents/Unreal Projects/ProjectRH/Content/StarterContent/Audio/Fire01_Cue.uasset" 522
"../../../../../../Users/peterpanpoo/Documents/Unreal Projects/ProjectRH/Content/StarterContent/Textures/T_Fire_SubUV.uasset" 523
"../../../../../../Users/peterpanpoo/Documents/Unreal Projects/ProjectRH/Content/StarterContent/Textures/T_Fire_Tiled_D.uasset" 524
"../../../../../../Users/peterpanpoo/Documents/Unreal Projects/ProjectRH/Content/StarterContent/Particles/Materials/M_Fire_SubUV.uasset" 525
"../../../../../../Users/peterpanpoo/Documents/Unreal Projects/ProjectRH/Content/StarterContent/Textures/T_Water_N.uasset" 526
"../../../../../../Users/peterpanpoo/Documents/Unreal Projects/ProjectRH/Content/StarterContent/Particles/Materials/M_Heat_Distortion.uasset" 527
"../../../../../../Users/peterpanpoo/Documents/Unreal Projects/ProjectRH/Content/StarterContent/Particles/Materials/M_Radial_Gradient.uasset" 528
"../../../../../../Users/peterpanpoo/Documents/Unreal Projects/ProjectRH/Content/StarterContent/Particles/P_Fire.uasset" 529
"../../../../../../Users/peterpanpoo/Documents/Unreal Projects/ProjectRH/Content/StarterContent/Blueprints/Blueprint_Effect_Fire.uasset" 530
"../../../../../../Users/peterpanpoo/Documents/Unreal Projects/ProjectRH/Content/StarterContent/Audio/Smoke01_Cue.uasset" 531
"../../../../../../Users/peterpanpoo/Documents/Unreal Projects/ProjectRH/Content/StarterContent/Particles/P_Smoke.uasset" 532
"../../../../../../Users/peterpanpoo/Documents/Unreal Projects/ProjectRH/Content/StarterContent/Blueprints/Blueprint_Effect_Smoke.uasset" 533
"../../../../../../Users/peterpanpoo/Documents/Unreal Projects/ProjectRH/Content/StarterContent/Audio/Fire_Sparks01_Cue.uasset" 534
"../../../../../../Users/peterpanpoo/Documents/Unreal Projects/ProjectRH/Content/StarterContent/Textures/T_Spark_Core.uasset" 535
"../../../../../../Users/peterpanpoo/Documents/Unreal Projects/ProjectRH/Content/StarterContent/Particles/Materials/M_Spark.uasset" 536
"../../../../../../Users/peterpanpoo/Documents/Unreal Projects/ProjectRH/Content/StarterContent/Particles/P_Sparks.uasset" 537
"../../../../../../Users/peterpanpoo/Documents/Unreal Projects/ProjectRH/Content/StarterContent/Blueprints/Blueprint_Effect_Sparks.uasset" 538
"../../../../../../Users/peterpanpoo/Documents/Unreal Projects/ProjectRH/Content/StarterContent/Audio/Steam01_Cue.uasset" 539
"../../../../../../Users/peterpanpoo/Documents/Unreal Projects/ProjectRH/Content/StarterContent/Particles/P_Steam_Lit.uasset" 540
"../../../../../../Users/peterpanpoo/Documents/Unreal Projects/ProjectRH/Content/StarterContent/Blueprints/Blueprint_Effect_Steam.uasset" 541
"../../../../../../Users/peterpanpoo/Documents/Unreal Projects/ProjectRH/Content/StarterContent/Textures/T_Lamp_M.uasset" 542
"../../../../../../Users/peterpanpoo/Documents/Unreal Projects/ProjectRH/Content/StarterContent/Textures/T_Lamp_N.uasset" 543
"../../../../../../Users/peterpanpoo/Documents/Unreal Projects/ProjectRH/Content/StarterContent/Props/Materials/M_Lamp.uasset" 544
"../../../../../../Users/peterpanpoo/Documents/Unreal Projects/ProjectRH/Content/StarterContent/Props/SM_Lamp_Ceiling.uasset" 545
"../../../../../../Users/peterpanpoo/Documents/Unreal Projects/ProjectRH/Content/StarterContent/Blueprints/Blueprint_CeilingLight.uasset" 546
"../../../../../../Users/peterpanpoo/Documents/Unreal Projects/ProjectRH/Content/StarterContent/Props/SM_Lamp_Wall.uasset" 547
"../../../../../../Users/peterpanpoo/Documents/Unreal Projects/ProjectRH/Content/StarterContent/Blueprints/Blueprint_WallSconce.uasset" 548
"../../../../../../Users/peterpanpoo/Documents/Unreal Projects/ProjectRH/Content/StarterContent/Maps/StarterMap_BuiltData.uasset" 549
"../../../Engine/Content/Functions/Engine_MaterialFunctions03/Procedurals/ComputeFilterWidth.uasset" 550
"../../../Engine/Content/EngineMaterials/AntiAliasedTextMaterialTranslucent.uasset" 551
"../../../../../../Users/peterpanpoo/Documents/Unreal Projects/ProjectRH/Content/StarterContent/Textures/T_Brick_Clay_Beveled_D.uasset" 552
"../../../../../../Users/peterpanpoo/Documents/Unreal Projects/ProjectRH/Content/StarterContent/Textures/T_Brick_Clay_Beveled_M.uasset" 553
"../../../../../../Users/peterpanpoo/Documents/Unreal Projects/ProjectRH/Content/StarterContent/Textures/T_Brick_Clay_Beveled_N.uasset" 554
"../../../../../../Users/peterpanpoo/Documents/Unreal Projects/ProjectRH/Content/StarterContent/Materials/M_Brick_Clay_Beveled.uasset" 555
"../../../../../../Users/peterpanpoo/Documents/Unreal Projects/ProjectRH/Content/StarterContent/Textures/T_Brick_Clay_New_D.uasset" 556
"../../../../../../Users/peterpanpoo/Documents/Unreal Projects/ProjectRH/Content/StarterContent/Textures/T_Brick_Clay_New_M.uasset" 557
"../../../../../../Users/peterpanpoo/Documents/Unreal Projects/ProjectRH/Content/StarterContent/Textures/T_Brick_Clay_New_N.uasset" 558
"../../../../../../Users/peterpanpoo/Documents/Unreal Projects/ProjectRH/Content/StarterContent/Materials/M_Brick_Clay_New.uasset" 559
"../../../../../../Users/peterpanpoo/Documents/Unreal Projects/ProjectRH/Content/StarterContent/Textures/T_Brick_Clay_Old_D.uasset" 560
"../../../../../../Users/peterpanpoo/Documents/Unreal Projects/ProjectRH/Content/StarterContent/Textures/T_Brick_Clay_Old_N.uasset" 561
"../../../../../../Users/peterpanpoo/Documents/Unreal Projects/ProjectRH/Content/StarterContent/Textures/T_Perlin_Noise_M.uasset" 562
"../../../../../../Users/peterpanpoo/Documents/Unreal Projects/ProjectRH/Content/StarterContent/Materials/M_Brick_Clay_Old.uasset" 563
"../../../../../../Users/peterpanpoo/Documents/Unreal Projects/ProjectRH/Content/StarterContent/Textures/T_Brick_Cut_Stone_D.uasset" 564
"../../../../../../Users/peterpanpoo/Documents/Unreal Projects/ProjectRH/Content/StarterContent/Textures/T_Brick_Cut_Stone_N.uasset" 565
"../../../../../../Users/peterpanpoo/Documents/Unreal Projects/ProjectRH/Content/StarterContent/Materials/M_Brick_Cut_Stone.uasset" 566
"../../../../../../Users/peterpanpoo/Documents/Unreal Projects/ProjectRH/Content/StarterContent/Textures/T_Brick_Hewn_Stone_D.uasset" 567
"../../../../../../Users/peterpanpoo/Documents/Unreal Projects/ProjectRH/Content/StarterContent/Textures/T_Brick_Hewn_Stone_M.uasset" 568
"../../../../../../Users/peterpanpoo/Documents/Unreal Projects/ProjectRH/Content/StarterContent/Textures/T_Brick_Hewn_Stone_N.uasset" 569
"../../../../../../Users/peterpanpoo/Documents/Unreal Projects/ProjectRH/Content/StarterContent/Materials/M_Brick_Hewn_Stone.uasset" 570
"../../../../../../Users/peterpanpoo/Documents/Unreal Projects/ProjectRH/Content/StarterContent/Textures/T_Ceramic_Tile_M.uasset" 571
"../../../../../../Users/peterpanpoo/Documents/Unreal Projects/ProjectRH/Content/StarterContent/Textures/T_Ceramic_Tile_N.uasset" 572
"../../../../../../Users/peterpanpoo/Documents/Unreal Projects/ProjectRH/Content/StarterContent/Textures/T_Rock_Marble_Polished_D.uasset" 573
"../../../../../../Users/peterpanpoo/Documents/Unreal Projects/ProjectRH/Content/StarterContent/Materials/M_Ceramic_Tile_Checker.uasset" 574
"../../../../../../Users/peterpanpoo/Documents/Unreal Projects/ProjectRH/Content/StarterContent/Textures/T_CobbleStone_Pebble_D.uasset" 575
"../../../../../../Users/peterpanpoo/Documents/Unreal Projects/ProjectRH/Content/StarterContent/Textures/T_CobbleStone_Pebble_M.uasset" 576
"../../../../../../Users/peterpanpoo/Documents/Unreal Projects/ProjectRH/Content/StarterContent/Textures/T_CobbleStone_Pebble_N.uasset" 577
"../../../../../../Users/peterpanpoo/Documents/Unreal Projects/ProjectRH/Content/StarterContent/Materials/M_CobbleStone_Pebble.uasset" 578
"../../../../../../Users/peterpanpoo/Documents/Unreal Projects/ProjectRH/Content/StarterContent/Textures/T_CobbleStone_Rough_D.uasset" 579
"../../../../../../Users/peterpanpoo/Documents/Unreal Projects/ProjectRH/Content/StarterContent/Textures/T_CobbleStone_Rough_N.uasset" 580
"../../../../../../Users/peterpanpoo/Documents/Unreal Projects/ProjectRH/Content/StarterContent/Textures/T_Gradinet_01.uasset" 581
"../../../../../../Users/peterpanpoo/Documents/Unreal Projects/ProjectRH/Content/StarterContent/Textures/T_Rock_Smooth_Granite_D.uasset" 582
"../../../../../../Users/peterpanpoo/Documents/Unreal Projects/ProjectRH/Content/StarterContent/Materials/M_CobbleStone_Rough.uasset" 583
"../../../../../../Users/peterpanpoo/Documents/Unreal Projects/ProjectRH/Content/StarterContent/Textures/T_CobbleStone_Smooth_D.uasset" 584
"../../../../../../Users/peterpanpoo/Documents/Unreal Projects/ProjectRH/Content/StarterContent/Textures/T_CobbleStone_Smooth_M.uasset" 585
"../../../../../../Users/peterpanpoo/Documents/Unreal Projects/ProjectRH/Content/StarterContent/Textures/T_CobbleStone_Smooth_N.uasset" 586
"../../../../../../Users/peterpanpoo/Documents/Unreal Projects/ProjectRH/Content/StarterContent/Materials/M_CobbleStone_Smooth.uasset" 587
"../../../../../../Users/peterpanpoo/Documents/Unreal Projects/ProjectRH/Content/StarterContent/Textures/T_Concrete_Grime_D.uasset" 588
"../../../../../../Users/peterpanpoo/Documents/Unreal Projects/ProjectRH/Content/StarterContent/Textures/T_Metal_Rust_N.uasset" 589
"../../../../../../Users/peterpanpoo/Documents/Unreal Projects/ProjectRH/Content/StarterContent/Materials/M_Concrete_Grime.uasset" 590
"../../../../../../Users/peterpanpoo/Documents/Unreal Projects/ProjectRH/Content/StarterContent/Textures/T_Concrete_Panels_D.uasset" 591
"../../../../../../Users/peterpanpoo/Documents/Unreal Projects/ProjectRH/Content/StarterContent/Textures/T_Concrete_Panels_N.uasset" 592
"../../../../../../Users/peterpanpoo/Documents/Unreal Projects/ProjectRH/Content/StarterContent/Materials/M_Concrete_Panels.uasset" 593
"../../../../../../Users/peterpanpoo/Documents/Unreal Projects/ProjectRH/Content/StarterContent/Textures/T_Concrete_Poured_D.uasset" 594
"../../../../../../Users/peterpanpoo/Documents/Unreal Projects/ProjectRH/Content/StarterContent/Textures/T_Concrete_Poured_N.uasset" 595
"../../../../../../Users/peterpanpoo/Documents/Unreal Projects/ProjectRH/Content/StarterContent/Materials/M_Concrete_Poured.uasset" 596
"../../../../../../Users/peterpanpoo/Documents/Unreal Projects/ProjectRH/Content/StarterContent/Textures/T_Concrete_Tiles_D.uasset" 597
"../../../../../../Users/peterpanpoo/Documents/Unreal Projects/ProjectRH/Content/StarterContent/Textures/T_Concrete_Tiles_M.uasset" 598
"../../../../../../Users/peterpanpoo/Documents/Unreal Projects/ProjectRH/Content/StarterContent/Textures/T_Concrete_Tiles_N.uasset" 599
"../../../../../../Users/peterpanpoo/Documents/Unreal Projects/ProjectRH/Content/StarterContent/Textures/T_Concrete_Tiles_Variation_M.uasset" 600
"../../../../../../Users/peterpanpoo/Documents/Unreal Projects/ProjectRH/Content/StarterContent/Materials/M_Concrete_Tiles.uasset" 601
"../../../../../../Users/peterpanpoo/Documents/Unreal Projects/ProjectRH/Content/StarterContent/Textures/T_Ground_Grass_D.uasset" 602
"../../../../../../Users/peterpanpoo/Documents/Unreal Projects/ProjectRH/Content/StarterContent/Textures/T_Ground_Grass_N.uasset" 603
"../../../../../../Users/peterpanpoo/Documents/Unreal Projects/ProjectRH/Content/StarterContent/Materials/M_Ground_Grass.uasset" 604
"../../../../../../Users/peterpanpoo/Documents/Unreal Projects/ProjectRH/Content/StarterContent/Textures/T_Ground_Gravel_D.uasset" 605
"../../../../../../Users/peterpanpoo/Documents/Unreal Projects/ProjectRH/Content/StarterContent/Textures/T_Ground_Gravel_N.uasset" 606
"../../../../../../Users/peterpanpoo/Documents/Unreal Projects/ProjectRH/Content/StarterContent/Materials/M_Ground_Gravel.uasset" 607
"../../../../../../Users/peterpanpoo/Documents/Unreal Projects/ProjectRH/Content/StarterContent/Textures/T_ground_Moss_D.uasset" 608
"../../../../../../Users/peterpanpoo/Documents/Unreal Projects/ProjectRH/Content/StarterContent/Textures/T_Ground_Moss_N.uasset" 609
"../../../../../../Users/peterpanpoo/Documents/Unreal Projects/ProjectRH/Content/StarterContent/Materials/M_Ground_Moss.uasset" 610
"../../../../../../Users/peterpanpoo/Documents/Unreal Projects/ProjectRH/Content/StarterContent/Materials/M_Metal_Chrome.uasset" 611
"../../../../../../Users/peterpanpoo/Documents/Unreal Projects/ProjectRH/Content/StarterContent/Textures/T_Metal_Gold_D.uasset" 612
"../../../../../../Users/peterpanpoo/Documents/Unreal Projects/ProjectRH/Content/StarterContent/Materials/M_Metal_Gold.uasset" 613
"../../../../../../Users/peterpanpoo/Documents/Unreal Projects/ProjectRH/Content/StarterContent/Textures/T_Metal_Rust_D.uasset" 614
"../../../../../../Users/peterpanpoo/Documents/Unreal Projects/ProjectRH/Content/StarterContent/Materials/M_Metal_Rust.uasset" 615
"../../../../../../Users/peterpanpoo/Documents/Unreal Projects/ProjectRH/Content/StarterContent/Textures/T_Metal_Steel_D.uasset" 616
"../../../../../../Users/peterpanpoo/Documents/Unreal Projects/ProjectRH/Content/StarterContent/Textures/T_Metal_Steel_N.uasset" 617
"../../../../../../Users/peterpanpoo/Documents/Unreal Projects/ProjectRH/Content/StarterContent/Materials/M_Metal_Steel.uasset" 618
"../../../../../../Users/peterpanpoo/Documents/Unreal Projects/ProjectRH/Content/StarterContent/Textures/T_Rock_Basalt_N.uasset" 619
"../../../../../../Users/peterpanpoo/Documents/Unreal Projects/ProjectRH/Content/StarterContent/Materials/M_Rock_Basalt.uasset" 620
"../../../../../../Users/peterpanpoo/Documents/Unreal Projects/ProjectRH/Content/StarterContent/Materials/M_Rock_Marble_Polished.uasset" 621
"../../../../../../Users/peterpanpoo/Documents/Unreal Projects/ProjectRH/Content/StarterContent/Textures/T_Rock_Sandstone_D.uasset" 622
"../../../../../../Users/peterpanpoo/Documents/Unreal Projects/ProjectRH/Content/StarterContent/Textures/T_Rock_Sandstone_N.uasset" 623
"../../../../../../Users/peterpanpoo/Documents/Unreal Projects/ProjectRH/Content/StarterContent/Materials/M_Rock_Sandstone.uasset" 624
"../../../../../../Users/peterpanpoo/Documents/Unreal Projects/ProjectRH/Content/StarterContent/Textures/T_Rock_Slate_D.uasset" 625
"../../../../../../Users/peterpanpoo/Documents/Unreal Projects/ProjectRH/Content/StarterContent/Textures/T_Rock_Slate_N.uasset" 626
"../../../../../../Users/peterpanpoo/Documents/Unreal Projects/ProjectRH/Content/StarterContent/Materials/M_Rock_Slate.uasset" 627
"../../../../../../Users/peterpanpoo/Documents/Unreal Projects/ProjectRH/Content/StarterContent/Textures/T_Checker_Noise_M.uasset" 628
"../../../../../../Users/peterpanpoo/Documents/Unreal Projects/ProjectRH/Content/StarterContent/Textures/T_Single_Tile_N.uasset" 629
"../../../../../../Users/peterpanpoo/Documents/Unreal Projects/ProjectRH/Content/StarterContent/Textures/T_Tech_Dot_M.uasset" 630
"../../../../../../Users/peterpanpoo/Documents/Unreal Projects/ProjectRH/Content/StarterContent/Textures/T_Tech_Dot_N.uasset" 631
"../../../../../../Users/peterpanpoo/Documents/Unreal Projects/ProjectRH/Content/StarterContent/Materials/M_Tech_Checker_Dot.uasset" 632
"../../../../../../Users/peterpanpoo/Documents/Unreal Projects/ProjectRH/Content/StarterContent/Textures/T_Tech_Hex_Tile_M.uasset" 633
"../../../../../../Users/peterpanpoo/Documents/Unreal Projects/ProjectRH/Content/StarterContent/Textures/T_Tech_Hex_Tile_N.uasset" 634
"../../../../../../Users/peterpanpoo/Documents/Unreal Projects/ProjectRH/Content/StarterContent/Materials/M_Tech_Hex_Tile.uasset" 635
"../../../../../../Users/peterpanpoo/Documents/Unreal Projects/ProjectRH/Content/StarterContent/Materials/M_Tech_Hex_Tile_Pulse.uasset" 636
"../../../../../../Users/peterpanpoo/Documents/Unreal Projects/ProjectRH/Content/StarterContent/Textures/T_Tech_Panel_M.uasset" 637
"../../../../../../Users/peterpanpoo/Documents/Unreal Projects/ProjectRH/Content/StarterContent/Textures/T_Tech_Panel_N.uasset" 638
"../../../../../../Users/peterpanpoo/Documents/Unreal Projects/ProjectRH/Content/StarterContent/Materials/M_Tech_Panel.uasset" 639
"../../../../../../Users/peterpanpoo/Documents/Unreal Projects/ProjectRH/Content/StarterContent/Materials/M_Water_Lake.uasset" 640
"../../../../../../Users/peterpanpoo/Documents/Unreal Projects/ProjectRH/Content/StarterContent/Textures/T_Water_M.uasset" 641
"../../../../../../Users/peterpanpoo/Documents/Unreal Projects/ProjectRH/Content/StarterContent/Materials/M_Water_Ocean.uasset" 642
"../../../../../../Users/peterpanpoo/Documents/Unreal Projects/ProjectRH/Content/StarterContent/Textures/T_Wood_Floor_Walnut_D.uasset" 643
"../../../../../../Users/peterpanpoo/Documents/Unreal Projects/ProjectRH/Content/StarterContent/Textures/T_Wood_Floor_Walnut_M.uasset" 644
"../../../../../../Users/peterpanpoo/Documents/Unreal Projects/ProjectRH/Content/StarterContent/Textures/T_Wood_Floor_Walnut_N.uasset" 645
"../../../../../../Users/peterpanpoo/Documents/Unreal Projects/ProjectRH/Content/StarterContent/Materials/M_Wood_Floor_Walnut_Polished.uasset" 646
"../../../Engine/Content/Functions/Engine_MaterialFunctions01/Opacity/AlphaOffset.uasset" 647
"../../../../../../Users/peterpanpoo/Documents/Unreal Projects/ProjectRH/Content/StarterContent/Materials/M_Wood_Floor_Walnut_Worn.uasset" 648
"../../../../../../Users/peterpanpoo/Documents/Unreal Projects/ProjectRH/Content/StarterContent/Textures/T_Wood_Oak_D.uasset" 649
"../../../../../../Users/peterpanpoo/Documents/Unreal Projects/ProjectRH/Content/StarterContent/Textures/T_Wood_Oak_N.uasset" 650
"../../../../../../Users/peterpanpoo/Documents/Unreal Projects/ProjectRH/Content/StarterContent/Materials/M_Wood_Oak.uasset" 651
"../../../../../../Users/peterpanpoo/Documents/Unreal Projects/ProjectRH/Content/StarterContent/Textures/T_Wood_Pine_D.uasset" 652
"../../../../../../Users/peterpanpoo/Documents/Unreal Projects/ProjectRH/Content/StarterContent/Textures/T_Wood_Pine_N.uasset" 653
"../../../../../../Users/peterpanpoo/Documents/Unreal Projects/ProjectRH/Content/StarterContent/Materials/M_Wood_Pine.uasset" 654
"../../../../../../Users/peterpanpoo/Documents/Unreal Projects/ProjectRH/Content/StarterContent/Textures/T_Wood_Walnut_D.uasset" 655
"../../../../../../Users/peterpanpoo/Documents/Unreal Projects/ProjectRH/Content/StarterContent/Textures/T_Wood_Walnut_N.uasset" 656
"../../../../../../Users/peterpanpoo/Documents/Unreal Projects/ProjectRH/Content/StarterContent/Materials/M_Wood_Walnut.uasset" 657
"../../../../../../Users/peterpanpoo/Documents/Unreal Projects/ProjectRH/Content/StarterContent/Architecture/Wall_400x200.uasset" 658
"../../../../../../Users/peterpanpoo/Documents/Unreal Projects/ProjectRH/Content/StarterContent/Architecture/Wall_Door_400x300.uasset" 659
"../../../../../../Users/peterpanpoo/Documents/Unreal Projects/ProjectRH/Content/StarterContent/Architecture/Wall_Window_400x300.uasset" 660
"../../../../../../Users/peterpanpoo/Documents/Unreal Projects/ProjectRH/Content/StarterContent/Audio/Collapse_Cue.uasset" 661
"../../../../../../Users/peterpanpoo/Documents/Unreal Projects/ProjectRH/Content/StarterContent/Audio/Starter_Music_Cue.uasset" 662
"../../../../../../Users/peterpanpoo/Documents/Unreal Projects/ProjectRH/Content/StarterContent/Textures/T_Dust_Particle_D.uasset" 663
"../../../../../../Users/peterpanpoo/Documents/Unreal Projects/ProjectRH/Content/StarterContent/Particles/Materials/M_Dust_Particle.uasset" 664
"../../../../../../Users/peterpanpoo/Documents/Unreal Projects/ProjectRH/Content/StarterContent/Particles/P_Ambient_Dust.uasset" 665
"../../../../../../Users/peterpanpoo/Documents/Unreal Projects/ProjectRH/Content/StarterContent/Props/MaterialSphere.uasset" 666
"../../../../../../Users/peterpanpoo/Documents/Unreal Projects/ProjectRH/Content/StarterContent/Textures/T_Frame_M.uasset" 667
"../../../../../../Users/peterpanpoo/Documents/Unreal Projects/ProjectRH/Content/StarterContent/Textures/T_Frame_N.uasset" 668
"../../../../../../Users/peterpanpoo/Documents/Unreal Projects/ProjectRH/Content/StarterContent/Props/Materials/M_Frame.uasset" 669
"../../../../../../Users/peterpanpoo/Documents/Unreal Projects/ProjectRH/Content/StarterContent/Props/SM_CornerFrame.uasset" 670
"../../../../../../Users/peterpanpoo/Documents/Unreal Projects/ProjectRH/Content/StarterContent/Props/SM_DoorFrame.uasset" 671
"../../../../../../Users/peterpanpoo/Documents/Unreal Projects/ProjectRH/Content/StarterContent/Props/SM_GlassWindow.uasset" 672
"../../../../../../Users/peterpanpoo/Documents/Unreal Projects/ProjectRH/Content/StarterContent/Props/SM_PillarFrame.uasset" 673
"../../../../../../Users/peterpanpoo/Documents/Unreal Projects/ProjectRH/Content/StarterContent/Props/SM_PillarFrame300.uasset" 674
"../../../../../../Users/peterpanpoo/Documents/Unreal Projects/ProjectRH/Content/StarterContent/Props/SM_WindowFrame.uasset" 675
"../../../../../../Users/peterpanpoo/Documents/Unreal Projects/ProjectRH/Content/StarterContent/Shapes/Shape_Cube.uasset" 676
"../../../../../../Users/peterpanpoo/Documents/Unreal Projects/ProjectRH/Content/StarterContent/Shapes/Shape_QuadPyramid.uasset" 677
"../../../../../../Users/peterpanpoo/Documents/Unreal Projects/ProjectRH/Content/StarterContent/Shapes/Shape_Sphere.uasset" 678
"../../../../../../Users/peterpanpoo/Documents/Unreal Projects/ProjectRH/Content/StarterContent/Maps/StarterMap.umap" 679
"../../../Engine/Content/Maps/Entry_BuiltData.uasset" 680
"../../../Engine/Content/Maps/Entry.umap" 681
